     1                                  ; hello.asm
     2                                  SECTION .data
     3 00000000 D09FD0BED0BDD0BED0-     	hello:      DB 'Пономарева Татьяна',10
     3 00000009 BCD0B0D180D0B5D0B2-
     3 00000012 D0B020D0A2D0B0D182-
     3 0000001B D18CD18FD0BDD0B00A 
     4                                  	
     5                                  	helloLen:   EQU $-hello
     6                                  	
     7                                  SECTION .text
     8                                  	GLOBAL _start           
     9                                  
    10                                  _start:                 
    11 00000000 B804000000                      mov eax, 4      
    12 00000005 BB01000000                      mov ebx, 1    
    13 0000000A B9[00000000]                    mov ecx, hello
    14 0000000F BA24000000                      mov edx, helloLen
    15 00000014 CD80                            int 80h        
    16                                  	
    17 00000016 B801000000              	mov eax, 1       
    18 0000001B BB00000000                      mov ebx, 0      
    19 00000020 CD80                            int 80h      
    20                                          
    21                                          
    22                                          
